
> frontend@0.1.0 build
> next build

▲ Next.js 16.2.6 (Turbopack)

  Creating an optimized production build ...
Error: Cannot apply unknown utility class `border-border`. Are you using CSS modules or similar and missing `@reference`? https://tailwindcss.com/docs/functions-and-directives#reference-directive
    [2m[at onInvalidCandidate (C:\Users\Sadhiya\OneDrive\Desktop\Lexguard\frontend\node_modules\tailwindcss\dist\lib.js:21:1314)][0m
    [2m[at Ne (C:\Users\Sadhiya\OneDrive\Desktop\Lexguard\frontend\node_modules\tailwindcss\dist\lib.js:16:38783)][0m
    [2m[at C:\Users\Sadhiya\OneDrive\Desktop\Lexguard\frontend\node_modules\tailwindcss\dist\lib.js:21:355][0m
    [2m[at zr (C:\Users\Sadhiya\OneDrive\Desktop\Lexguard\frontend\node_modules\tailwindcss\dist\lib.js:3:1733)][0m
    [2m[at I (C:\Users\Sadhiya\OneDrive\Desktop\Lexguard\frontend\node_modules\tailwindcss\dist\lib.js:3:1377)][0m
    [2m[at Ee (C:\Users\Sadhiya\OneDrive\Desktop\Lexguard\frontend\node_modules\tailwindcss\dist\lib.js:21:172)][0m
    [2m[at vn (C:\Users\Sadhiya\OneDrive\Desktop\Lexguard\frontend\node_modules\tailwindcss\dist\lib.js:38:294)][0m
    [2m[at process.processTicksAndRejections (node:internal/process/task_queues:105:5)][0m
    [2m[at async kn (C:\Users\Sadhiya\OneDrive\Desktop\Lexguard\frontend\node_modules\tailwindcss\dist\lib.js:38:631)][0m
    [2m[at async Xr (C:\Users\Sadhiya\OneDrive\Desktop\Lexguard\frontend\node_modules\@tailwindcss\node\dist\index.js:10:3415)][0m

> Build error occurred
Error: Turbopack build failed with 1 errors:
./src/app/globals.css
Error evaluating Node.js code
CssSyntaxError: tailwindcss: C:\Users\Sadhiya\OneDrive\Desktop\Lexguard\frontend\src\app\globals.css:1:1: Cannot apply unknown utility class `border-border`. Are you using CSS modules or similar and missing `@reference`? https://tailwindcss.com/docs/functions-and-directives#reference-directive
    at Input.error (node_modules/postcss/lib/input.js:135:16) [C:\Users\Sadhiya\OneDrive\Desktop\Lexguard\frontend\.next\build\chunks\node_modules_13sb.px._.js:4692:22]
    at error (node_modules/postcss/lib/node.js:146:32) [C:\Users\Sadhiya\OneDrive\Desktop\Lexguard\frontend\.next\build\chunks\node_modules_13sb.px._.js:954:38]
    [at Object.Once (C:\Users\Sadhiya\OneDrive\Desktop\Lexguard\frontend\node_modules\@tailwindcss\postcss\dist\index.js:10:6917)]
    [at process.processTicksAndRejections (node:internal/process/task_queues:105:5)]
    at async LazyResult.runAsync (node_modules/postcss/lib/lazy-result.js:293:11) [C:\Users\Sadhiya\OneDrive\Desktop\Lexguard\frontend\.next\build\chunks\node_modules_13sb.px._.js:6255:21]
    at async transform (turbopack:///[turbopack-node]/transforms/postcss.ts:70:34) [C:\Users\Sadhiya\OneDrive\Desktop\Lexguard\frontend\.next\build\chunks\[root-of-the-server]__0d-m0h0._.js:146:36]
    at async run (turbopack:///[turbopack-node]/child_process/evaluate.ts:89:23) [C:\Users\Sadhiya\OneDrive\Desktop\Lexguard\frontend\.next\build\chunks\[root-of-the-server]__0ubbtyl._.js:443:31]

Import trace:
  Client Component Browser:
    ./src/app/globals.css [Client Component Browser]
    ./src/app/layout.tsx [Server Component]


    at async transform (turbopack:///[turbopack-node]/transforms/postcss.ts:70:34) [C:\Users\Sadhiya\OneDrive\Desktop\Lexguard\frontend\.next\build\chunks\[root-of-the-server]__0d-m0h0._.js:146:36])
    at async run (turbopack:///[turbopack-node]/child_process/evaluate.ts:89:23) [C:\Users\Sadhiya\OneDrive\Desktop\Lexguard\frontend\.next\build\chunks\[root-of-the-server]__0ubbtyl._.js:443:31])
